[1.364s] DEBUG:colcon:Command line arguments: ['/home/pablo/.local/bin/colcon', 'build', '--cmake-target', 'clean', '--cmake-target-skip-unavailable']
[1.364s] DEBUG:colcon:Parsed command line arguments: Namespace(ament_cmake_args=None, base_paths='.', build_base='build', catkin_cmake_args=None, catkin_skip_building_tests=False, cmake_args=None, cmake_clean_cache=False, cmake_clean_first=False, cmake_force_configure=False, cmake_target='clean', cmake_target_skip_unavailable=True, continue_on_error=False, event_handlers=None, executor='parallel', ignore_user_meta=False, install_base='install', log_base='log', log_level=None, main=<bound method BuildVerb.main of <colcon_core.verb.build.BuildVerb object at 0x7fe68bf450f0>>, merge_install=False, metas='./colcon.meta', packages_above=None, packages_above_depth=None, packages_end=None, packages_ignore=None, packages_ignore_regex=None, packages_select=None, packages_select_build_failed=False, packages_select_by_dep=None, packages_select_regex=None, packages_select_test_failures=False, packages_skip=None, packages_skip_build_finished=False, packages_skip_by_dep=None, packages_skip_regex=None, packages_skip_test_passed=False, packages_skip_up_to=None, packages_start=None, packages_up_to=None, parallel_workers=4, paths=None, symlink_install=False, test_result_base=None, verb_extension=<colcon_core.verb.build.BuildVerb object at 0x7fe68bf450f0>, verb_name='build', verb_parser=<colcon_defaults.argument_parser.defaults.DefaultArgumentsDecorator object at 0x7fe68bf45438>)
[1.486s] Level 1:colcon.colcon_core.package_discovery:discover_packages(colcon_meta) check parameters
[1.487s] Level 1:colcon.colcon_core.package_discovery:discover_packages(recursive) check parameters
[1.487s] Level 1:colcon.colcon_core.package_discovery:discover_packages(ignore) check parameters
[1.487s] Level 1:colcon.colcon_core.package_discovery:discover_packages(path) check parameters
[1.487s] Level 1:colcon.colcon_core.package_discovery:discover_packages(recursive) discover
[1.487s] INFO:colcon.colcon_core.package_discovery:Crawling recursively for packages in '/home/pablo/uROS-UFSC/apps/uros'
[1.487s] Level 1:colcon.colcon_core.package_identification:_identify(/home/pablo/uROS-UFSC/apps/uros) by extensions ['ignore', 'ignore_ament_install']
[1.487s] Level 1:colcon.colcon_core.package_identification:_identify(/home/pablo/uROS-UFSC/apps/uros) by extension 'ignore'
[1.488s] Level 1:colcon.colcon_core.package_identification:_identify(/home/pablo/uROS-UFSC/apps/uros) by extension 'ignore_ament_install'
[1.488s] Level 1:colcon.colcon_core.package_identification:_identify(/home/pablo/uROS-UFSC/apps/uros) by extensions ['colcon_pkg']
[1.488s] Level 1:colcon.colcon_core.package_identification:_identify(/home/pablo/uROS-UFSC/apps/uros) by extension 'colcon_pkg'
[1.488s] Level 1:colcon.colcon_core.package_identification:_identify(/home/pablo/uROS-UFSC/apps/uros) by extensions ['colcon_meta']
[1.488s] Level 1:colcon.colcon_core.package_identification:_identify(/home/pablo/uROS-UFSC/apps/uros) by extension 'colcon_meta'
[1.488s] Level 1:colcon.colcon_core.package_identification:_identify(/home/pablo/uROS-UFSC/apps/uros) by extensions ['ros']
[1.488s] Level 1:colcon.colcon_core.package_identification:_identify(/home/pablo/uROS-UFSC/apps/uros) by extension 'ros'
[1.515s] Level 1:colcon.colcon_core.package_identification:_identify(/home/pablo/uROS-UFSC/apps/uros) by extensions ['cmake', 'python']
[1.516s] Level 1:colcon.colcon_core.package_identification:_identify(/home/pablo/uROS-UFSC/apps/uros) by extension 'cmake'
[1.516s] Level 1:colcon.colcon_core.package_identification:_identify(/home/pablo/uROS-UFSC/apps/uros) by extension 'python'
[1.516s] Level 1:colcon.colcon_core.package_identification:_identify(/home/pablo/uROS-UFSC/apps/uros) by extensions ['python_setup_py']
[1.516s] Level 1:colcon.colcon_core.package_identification:_identify(/home/pablo/uROS-UFSC/apps/uros) by extension 'python_setup_py'
[1.516s] Level 1:colcon.colcon_core.package_identification:_identify(/home/pablo/uROS-UFSC/apps/uros/build) by extensions ['ignore', 'ignore_ament_install']
[1.516s] Level 1:colcon.colcon_core.package_identification:_identify(/home/pablo/uROS-UFSC/apps/uros/build) by extension 'ignore'
[1.517s] Level 1:colcon.colcon_core.package_identification:_identify(/home/pablo/uROS-UFSC/apps/uros/build) ignored
[1.518s] Level 1:colcon.colcon_core.package_identification:_identify(/home/pablo/uROS-UFSC/apps/uros/extract) by extensions ['ignore', 'ignore_ament_install']
[1.519s] Level 1:colcon.colcon_core.package_identification:_identify(/home/pablo/uROS-UFSC/apps/uros/extract) by extension 'ignore'
[1.519s] Level 1:colcon.colcon_core.package_identification:_identify(/home/pablo/uROS-UFSC/apps/uros/extract) by extension 'ignore_ament_install'
[1.519s] Level 1:colcon.colcon_core.package_identification:_identify(/home/pablo/uROS-UFSC/apps/uros/extract) by extensions ['colcon_pkg']
[1.519s] Level 1:colcon.colcon_core.package_identification:_identify(/home/pablo/uROS-UFSC/apps/uros/extract) by extension 'colcon_pkg'
[1.519s] Level 1:colcon.colcon_core.package_identification:_identify(/home/pablo/uROS-UFSC/apps/uros/extract) by extensions ['colcon_meta']
[1.519s] Level 1:colcon.colcon_core.package_identification:_identify(/home/pablo/uROS-UFSC/apps/uros/extract) by extension 'colcon_meta'
[1.519s] Level 1:colcon.colcon_core.package_identification:_identify(/home/pablo/uROS-UFSC/apps/uros/extract) by extensions ['ros']
[1.519s] Level 1:colcon.colcon_core.package_identification:_identify(/home/pablo/uROS-UFSC/apps/uros/extract) by extension 'ros'
[1.520s] Level 1:colcon.colcon_core.package_identification:_identify(/home/pablo/uROS-UFSC/apps/uros/extract) by extensions ['cmake', 'python']
[1.520s] Level 1:colcon.colcon_core.package_identification:_identify(/home/pablo/uROS-UFSC/apps/uros/extract) by extension 'cmake'
[1.520s] Level 1:colcon.colcon_core.package_identification:_identify(/home/pablo/uROS-UFSC/apps/uros/extract) by extension 'python'
[1.520s] Level 1:colcon.colcon_core.package_identification:_identify(/home/pablo/uROS-UFSC/apps/uros/extract) by extensions ['python_setup_py']
[1.520s] Level 1:colcon.colcon_core.package_identification:_identify(/home/pablo/uROS-UFSC/apps/uros/extract) by extension 'python_setup_py'
[1.520s] Level 1:colcon.colcon_core.package_identification:_identify(/home/pablo/uROS-UFSC/apps/uros/extract/temp) by extensions ['ignore', 'ignore_ament_install']
[1.520s] Level 1:colcon.colcon_core.package_identification:_identify(/home/pablo/uROS-UFSC/apps/uros/extract/temp) by extension 'ignore'
[1.520s] Level 1:colcon.colcon_core.package_identification:_identify(/home/pablo/uROS-UFSC/apps/uros/extract/temp) by extension 'ignore_ament_install'
[1.521s] Level 1:colcon.colcon_core.package_identification:_identify(/home/pablo/uROS-UFSC/apps/uros/extract/temp) by extensions ['colcon_pkg']
[1.521s] Level 1:colcon.colcon_core.package_identification:_identify(/home/pablo/uROS-UFSC/apps/uros/extract/temp) by extension 'colcon_pkg'
[1.521s] Level 1:colcon.colcon_core.package_identification:_identify(/home/pablo/uROS-UFSC/apps/uros/extract/temp) by extensions ['colcon_meta']
[1.521s] Level 1:colcon.colcon_core.package_identification:_identify(/home/pablo/uROS-UFSC/apps/uros/extract/temp) by extension 'colcon_meta'
[1.521s] Level 1:colcon.colcon_core.package_identification:_identify(/home/pablo/uROS-UFSC/apps/uros/extract/temp) by extensions ['ros']
[1.521s] Level 1:colcon.colcon_core.package_identification:_identify(/home/pablo/uROS-UFSC/apps/uros/extract/temp) by extension 'ros'
[1.521s] Level 1:colcon.colcon_core.package_identification:_identify(/home/pablo/uROS-UFSC/apps/uros/extract/temp) by extensions ['cmake', 'python']
[1.521s] Level 1:colcon.colcon_core.package_identification:_identify(/home/pablo/uROS-UFSC/apps/uros/extract/temp) by extension 'cmake'
[1.521s] Level 1:colcon.colcon_core.package_identification:_identify(/home/pablo/uROS-UFSC/apps/uros/extract/temp) by extension 'python'
[1.521s] Level 1:colcon.colcon_core.package_identification:_identify(/home/pablo/uROS-UFSC/apps/uros/extract/temp) by extensions ['python_setup_py']
[1.521s] Level 1:colcon.colcon_core.package_identification:_identify(/home/pablo/uROS-UFSC/apps/uros/extract/temp) by extension 'python_setup_py'
[1.522s] Level 1:colcon.colcon_core.package_identification:_identify(/home/pablo/uROS-UFSC/apps/uros/install) by extensions ['ignore', 'ignore_ament_install']
[1.522s] Level 1:colcon.colcon_core.package_identification:_identify(/home/pablo/uROS-UFSC/apps/uros/install) by extension 'ignore'
[1.522s] Level 1:colcon.colcon_core.package_identification:_identify(/home/pablo/uROS-UFSC/apps/uros/install) ignored
[1.522s] Level 1:colcon.colcon_core.package_identification:_identify(/home/pablo/uROS-UFSC/apps/uros/log) by extensions ['ignore', 'ignore_ament_install']
[1.522s] Level 1:colcon.colcon_core.package_identification:_identify(/home/pablo/uROS-UFSC/apps/uros/log) by extension 'ignore'
[1.522s] Level 1:colcon.colcon_core.package_identification:_identify(/home/pablo/uROS-UFSC/apps/uros/log) ignored
[1.522s] Level 1:colcon.colcon_core.package_discovery:discover_packages(recursive) using defaults
[1.565s] INFO:colcon.colcon_core.executor:Executing jobs using 'parallel' executor
[1.566s] DEBUG:colcon.colcon_parallel_executor.executor.parallel:run_until_complete
[1.566s] DEBUG:colcon.colcon_parallel_executor.executor.parallel:closing loop
[1.566s] DEBUG:colcon.colcon_parallel_executor.executor.parallel:loop closed
[1.566s] DEBUG:colcon.colcon_parallel_executor.executor.parallel:run_until_complete finished with '0'
[1.567s] DEBUG:colcon.colcon_core.event_reactor:joining thread
[1.588s] INFO:colcon.colcon_core.plugin_system:Skipping extension 'colcon_notification.desktop_notification.terminal_notifier': Not used on non-Darwin systems
[1.588s] INFO:colcon.colcon_core.plugin_system:Skipping extension 'colcon_notification.desktop_notification.win32': Not used on non-Windows systems
[1.588s] INFO:colcon.colcon_notification.desktop_notification:Sending desktop notification using 'notify2'
[1.591s] DEBUG:colcon.colcon_core.event_reactor:joined thread
[1.643s] INFO:colcon.colcon_core.plugin_system:Skipping extension 'colcon_core.shell.bat': Not used on non-Windows systems
[1.643s] INFO:colcon.colcon_core.shell:Creating prefix script '/home/pablo/uROS-UFSC/apps/uros/install/local_setup.ps1'
[1.647s] INFO:colcon.colcon_core.shell:Creating prefix chain script '/home/pablo/uROS-UFSC/apps/uros/install/setup.ps1'
[1.662s] INFO:colcon.colcon_core.shell:Creating prefix script '/home/pablo/uROS-UFSC/apps/uros/install/local_setup.sh'
[1.663s] INFO:colcon.colcon_core.shell:Creating prefix util module '/home/pablo/uROS-UFSC/apps/uros/install/_local_setup_util_sh.py'
[1.664s] INFO:colcon.colcon_core.shell:Creating prefix chain script '/home/pablo/uROS-UFSC/apps/uros/install/setup.sh'
[1.673s] INFO:colcon.colcon_core.shell:Creating prefix script '/home/pablo/uROS-UFSC/apps/uros/install/local_setup.bash'
[1.674s] INFO:colcon.colcon_core.shell:Creating prefix chain script '/home/pablo/uROS-UFSC/apps/uros/install/setup.bash'
[1.684s] INFO:colcon.colcon_core.shell:Creating prefix script '/home/pablo/uROS-UFSC/apps/uros/install/local_setup.zsh'
[1.685s] INFO:colcon.colcon_core.shell:Creating prefix chain script '/home/pablo/uROS-UFSC/apps/uros/install/setup.zsh'
