Invoking command in '/home/pablo/uros_ws/firmware/apps/build/turtlebot2_embedded': /usr/bin/cmake /home/pablo/uros_ws/firmware/apps/examples/kobuki -DCATKIN_INSTALL_INTO_PREFIX_ROOT=0 -DCMAKE_INSTALL_PREFIX=/home/pablo/uros_ws/firmware/apps/install/turtlebot2_embedded
-- The C compiler identification is GNU 7.4.0
-- The CXX compiler identification is GNU 7.4.0
-- Check for working C compiler: /usr/bin/cc
-- Check for working C compiler: /usr/bin/cc -- works
-- Detecting C compiler ABI info
-- Detecting C compiler ABI info - done
-- Detecting C compile features
-- Detecting C compile features - done
-- Check for working CXX compiler: /usr/bin/c++
-- Check for working CXX compiler: /usr/bin/c++ -- works
-- Detecting CXX compiler ABI info
-- Detecting CXX compiler ABI info - done
-- Detecting CXX compile features
-- Detecting CXX compile features - done
-- Configuring done
-- Generating done
CMake Warning:
  Manually-specified variables were not used by the project:

    CATKIN_INSTALL_INTO_PREFIX_ROOT


-- Build files have been written to: /home/pablo/uros_ws/firmware/apps/build/turtlebot2_embedded
Invoked command in '/home/pablo/uros_ws/firmware/apps/build/turtlebot2_embedded' returned '0': /usr/bin/cmake /home/pablo/uros_ws/firmware/apps/examples/kobuki -DCATKIN_INSTALL_INTO_PREFIX_ROOT=0 -DCMAKE_INSTALL_PREFIX=/home/pablo/uros_ws/firmware/apps/install/turtlebot2_embedded
Invoking command in '/home/pablo/uros_ws/firmware/apps/build/turtlebot2_embedded': /usr/bin/cmake --build /home/pablo/uros_ws/firmware/apps/build/turtlebot2_embedded --target clean -- -j4 -l4
make[3]: Entering directory '/home/pablo/uros_ws/firmware/apps/build/turtlebot2_embedded'
make[4]: Entering directory '/home/pablo/uros_ws/firmware/apps/build/turtlebot2_embedded'
make[4]: Leaving directory '/home/pablo/uros_ws/firmware/apps/build/turtlebot2_embedded'
make[4]: *** No rule to make target 'clean'.  Stop.
make[3]: *** [clean] Error 2
Makefile:90: recipe for target 'clean' failed
make[3]: Leaving directory '/home/pablo/uros_ws/firmware/apps/build/turtlebot2_embedded'
Invoked command in '/home/pablo/uros_ws/firmware/apps/build/turtlebot2_embedded' returned '2': /usr/bin/cmake --build /home/pablo/uros_ws/firmware/apps/build/turtlebot2_embedded --target clean -- -j4 -l4
